Week6-workspace/NotificationsLabTest/build/outputs/logs/manifest-merger-debug-report.txt
-- Merging decision tree log ---
manifest
ADDED from Week6-workspace\NotificationsLabTest\AndroidManifest.xml:2:5-129
	package
		ADDED from Week6-workspace\NotificationsLabTest\AndroidManifest.xml:2:74-117
	xmlns:android
		ADDED from Week6-workspace\NotificationsLabTest\AndroidManifest.xml:2:15-73